This is pdfTeX, Version 3.141592653-2.6-1.40.22 (TeX Live 2022/dev/Debian) (preloaded format=pdflatex 2022.9.14)  15 MAR 2023 09:12
entering extended mode
 restricted \write18 enabled.
 %&-line parsing enabled.
**BChPTnotes.tex
(./BChPTnotes.tex
LaTeX2e <2021-11-15> patch level 1
L3 programming layer <2022-01-21>
(/usr/share/texlive/texmf-dist/tex/latex/base/article.cls
Document Class: article 2021/10/04 v1.4n Standard LaTeX document class
(/usr/share/texlive/texmf-dist/tex/latex/base/size10.clo
File: size10.clo 2021/10/04 v1.4n Standard LaTeX file (size option)
)
\c@part=\count185
\c@section=\count186
\c@subsection=\count187
\c@subsubsection=\count188
\c@paragraph=\count189
\c@subparagraph=\count190
\c@figure=\count191
\c@table=\count192
\abovecaptionskip=\skip47
\belowcaptionskip=\skip48
\bibindent=\dimen138
)
(/usr/share/texlive/texmf-dist/tex/latex/amsmath/amsmath.sty
Package: amsmath 2021/10/15 v2.17l AMS math features
\@mathmargin=\skip49

For additional information on amsmath, use the `?' option.
(/usr/share/texlive/texmf-dist/tex/latex/amsmath/amstext.sty
Package: amstext 2021/08/26 v2.01 AMS text

(/usr/share/texlive/texmf-dist/tex/latex/amsmath/amsgen.sty
File: amsgen.sty 1999/11/30 v2.0 generic functions
\@emptytoks=\toks16
\ex@=\dimen139
))
(/usr/share/texlive/texmf-dist/tex/latex/amsmath/amsbsy.sty
Package: amsbsy 1999/11/29 v1.2d Bold Symbols
\pmbraise@=\dimen140
)
(/usr/share/texlive/texmf-dist/tex/latex/amsmath/amsopn.sty
Package: amsopn 2021/08/26 v2.02 operator names
)
\inf@bad=\count193
LaTeX Info: Redefining \frac on input line 234.
\uproot@=\count194
\leftroot@=\count195
LaTeX Info: Redefining \overline on input line 399.
\classnum@=\count196
\DOTSCASE@=\count197
LaTeX Info: Redefining \ldots on input line 496.
LaTeX Info: Redefining \dots on input line 499.
LaTeX Info: Redefining \cdots on input line 620.
\Mathstrutbox@=\box50
\strutbox@=\box51
\big@size=\dimen141
LaTeX Font Info:    Redeclaring font encoding OML on input line 743.
LaTeX Font Info:    Redeclaring font encoding OMS on input line 744.
\macc@depth=\count198
\c@MaxMatrixCols=\count199
\dotsspace@=\muskip16
\c@parentequation=\count266
\dspbrk@lvl=\count267
\tag@help=\toks17
\row@=\count268
\column@=\count269
\maxfields@=\count270
\andhelp@=\toks18
\eqnshift@=\dimen142
\alignsep@=\dimen143
\tagshift@=\dimen144
\tagwidth@=\dimen145
\totwidth@=\dimen146
\lineht@=\dimen147
\@envbody=\toks19
\multlinegap=\skip50
\multlinetaggap=\skip51
\mathdisplay@stack=\toks20
LaTeX Info: Redefining \[ on input line 2938.
LaTeX Info: Redefining \] on input line 2939.
)
(/usr/share/texlive/texmf-dist/tex/latex/carlisle/slashed.sty
Package: slashed 1997/01/16 v0.01 Feynman Slashed Character Notation (DPC)
)
(/usr/share/texlive/texmf-dist/tex/latex/graphics/graphicx.sty
Package: graphicx 2021/09/16 v1.2d Enhanced LaTeX Graphics (DPC,SPQR)

(/usr/share/texlive/texmf-dist/tex/latex/graphics/keyval.sty
Package: keyval 2014/10/28 v1.15 key=value parser (DPC)
\KV@toks@=\toks21
)
(/usr/share/texlive/texmf-dist/tex/latex/graphics/graphics.sty
Package: graphics 2021/03/04 v1.4d Standard LaTeX Graphics (DPC,SPQR)

(/usr/share/texlive/texmf-dist/tex/latex/graphics/trig.sty
Package: trig 2021/08/11 v1.11 sin cos tan (DPC)
)
(/usr/share/texlive/texmf-dist/tex/latex/graphics-cfg/graphics.cfg
File: graphics.cfg 2016/06/04 v1.11 sample graphics configuration
)
Package graphics Info: Driver file: pdftex.def on input line 107.

(/usr/share/texlive/texmf-dist/tex/latex/graphics-def/pdftex.def
File: pdftex.def 2020/10/05 v1.2a Graphics/color driver for pdftex
))
\Gin@req@height=\dimen148
\Gin@req@width=\dimen149
)
(/usr/share/texlive/texmf-dist/tex/latex/tools/array.sty
Package: array 2021/10/04 v2.5f Tabular extension package (FMi)
\col@sep=\dimen150
\ar@mcellbox=\box52
\extrarowheight=\dimen151
\NC@list=\toks22
\extratabsurround=\skip52
\backup@length=\skip53
\ar@cellbox=\box53
)
(/usr/share/texmf/tex/latex/physics/physics.sty
Package: physics 

(/usr/share/texlive/texmf-dist/tex/latex/l3packages/xparse/xparse.sty
(/usr/share/texlive/texmf-dist/tex/latex/l3kernel/expl3.sty
Package: expl3 2022-01-21 L3 programming layer (loader) 

(/usr/share/texlive/texmf-dist/tex/latex/l3backend/l3backend-pdftex.def
File: l3backend-pdftex.def 2022-01-12 L3 backend support: PDF output (pdfTeX)
\l__color_backend_stack_int=\count271
\l__pdf_internal_box=\box54
))
Package: xparse 2022-01-12 L3 Experimental document command parser
))
(/usr/share/texlive/texmf-dist/tex/latex/breqn/flexisym.sty
Package: flexisym 2021/10/28 v0.98l Make math characters macros
LaTeX Info: Redefining \textprime on input line 299.
LaTeX Info: Redefining \not on input line 357.

(/usr/share/texlive/texmf-dist/tex/latex/breqn/cmbase.sym
File: cmbase.sym 2007/12/19 v0.92
LaTeX Info: Redefining \hbar on input line 324.
LaTeX Info: Redefining \surd on input line 326.
LaTeX Info: Redefining \angle on input line 334.
LaTeX Info: Redefining \neq on input line 335.
LaTeX Info: Redefining \mapsto on input line 336.
LaTeX Info: Redefining \cong on input line 337.
LaTeX Info: Redefining \notin on input line 340.
LaTeX Info: Redefining \rightleftharpoons on input line 341.
LaTeX Info: Redefining \doteq on input line 342.
LaTeX Info: Redefining \hookrightarrow on input line 343.
LaTeX Info: Redefining \hookleftarrow on input line 344.
LaTeX Info: Redefining \bowtie on input line 345.
LaTeX Info: Redefining \models on input line 346.
LaTeX Info: Redefining \Longrightarrow on input line 347.
LaTeX Info: Redefining \longrightarrow on input line 348.
LaTeX Info: Redefining \Longleftarrow on input line 349.
LaTeX Info: Redefining \longleftarrow on input line 350.
LaTeX Info: Redefining \longmapsto on input line 351.
LaTeX Info: Redefining \longleftrightarrow on input line 352.
LaTeX Info: Redefining \Longleftrightarrow on input line 353.
LaTeX Info: Redefining \cdots on input line 357.
LaTeX Info: Redefining \vdots on input line 360.
LaTeX Info: Redefining \ddots on input line 365.
)
(/usr/share/texlive/texmf-dist/tex/latex/breqn/mathstyle.sty
Package: mathstyle 2021/10/28 v0.98l Tracking mathstyle implicitly
LaTeX Info: Redefining \displaystyle on input line 95.
LaTeX Info: Redefining \textstyle on input line 97.
LaTeX Info: Redefining \scriptstyle on input line 99.
LaTeX Info: Redefining \scriptscriptstyle on input line 101.
LaTeX Info: Redefining \genfrac on input line 149.
))
(/usr/share/texlive/texmf-dist/tex/latex/amsfonts/eufrak.sty
Package: eufrak 2009/06/22 v3.00 Euler Fraktur fonts
LaTeX Font Info:    Overwriting math alphabet `\EuFrak' in version `bold'
(Font)                  U/euf/m/n --> U/euf/b/n on input line 39.
)
(/usr/share/texlive/texmf-dist/tex/latex/mathtools/mathtools.sty
Package: mathtools 2021/02/02 v1.28 mathematical typesetting tools

(/usr/share/texlive/texmf-dist/tex/latex/tools/calc.sty
Package: calc 2017/05/25 v4.3 Infix arithmetic (KKT,FJ)
\calc@Acount=\count272
\calc@Bcount=\count273
\calc@Adimen=\dimen152
\calc@Bdimen=\dimen153
\calc@Askip=\skip54
\calc@Bskip=\skip55
LaTeX Info: Redefining \setlength on input line 80.
LaTeX Info: Redefining \addtolength on input line 81.
\calc@Ccount=\count274
\calc@Cskip=\skip56
)
(/usr/share/texlive/texmf-dist/tex/latex/mathtools/mhsetup.sty
Package: mhsetup 2021/03/18 v1.4 programming setup (MH)
)
\g_MT_multlinerow_int=\count275
\l_MT_multwidth_dim=\dimen154
\origjot=\skip57
\l_MT_shortvdotswithinadjustabove_dim=\dimen155
\l_MT_shortvdotswithinadjustbelow_dim=\dimen156
\l_MT_above_intertext_sep=\dimen157
\l_MT_below_intertext_sep=\dimen158
\l_MT_above_shortintertext_sep=\dimen159
\l_MT_below_shortintertext_sep=\dimen160
\xmathstrut@box=\box55
\xmathstrut@dim=\dimen161
)
(/usr/share/texlive/texmf-dist/tex/latex/graphics/color.sty
Package: color 2021/12/07 v1.3c Standard LaTeX Color (DPC)

(/usr/share/texlive/texmf-dist/tex/latex/graphics-cfg/color.cfg
File: color.cfg 2016/01/02 v1.6 sample color configuration
)
Package color Info: Driver file: pdftex.def on input line 149.
)
(/usr/share/texlive/texmf-dist/tex/latex/tools/indentfirst.sty
Package: indentfirst 1995/11/23 v1.03 Indent first paragraph (DPC)
)
(./BChPTnotes.aux

LaTeX Warning: Label `eq:tensor_complete_decomposition' multiply defined.


LaTeX Warning: Label `table:gA4' multiply defined.


LaTeX Warning: Label `table:gA4' multiply defined.


LaTeX Warning: Label `table:gA4' multiply defined.


LaTeX Warning: Label `table:gA4' multiply defined.


LaTeX Warning: Label `table:gA4' multiply defined.

)
\openout1 = `BChPTnotes.aux'.

LaTeX Font Info:    Checking defaults for OML/cmm/m/it on input line 28.
LaTeX Font Info:    ... okay on input line 28.
LaTeX Font Info:    Checking defaults for OMS/cmsy/m/n on input line 28.
LaTeX Font Info:    ... okay on input line 28.
LaTeX Font Info:    Checking defaults for OT1/cmr/m/n on input line 28.
LaTeX Font Info:    ... okay on input line 28.
LaTeX Font Info:    Checking defaults for T1/cmr/m/n on input line 28.
LaTeX Font Info:    ... okay on input line 28.
LaTeX Font Info:    Checking defaults for TS1/cmr/m/n on input line 28.
LaTeX Font Info:    ... okay on input line 28.
LaTeX Font Info:    Checking defaults for OMX/cmex/m/n on input line 28.
LaTeX Font Info:    ... okay on input line 28.
LaTeX Font Info:    Checking defaults for U/cmr/m/n on input line 28.
LaTeX Font Info:    ... okay on input line 28.
 (/usr/share/texlive/texmf-dist/tex/context/base/mkii/supp-pdf.mkii
[Loading MPS to PDF converter (version 2006.09.02).]
\scratchcounter=\count276
\scratchdimen=\dimen162
\scratchbox=\box56
\nofMPsegments=\count277
\nofMParguments=\count278
\everyMPshowfont=\toks23
\MPscratchCnt=\count279
\MPscratchDim=\dimen163
\MPnumerator=\count280
\makeMPintoPDFobject=\count281
\everyMPtoPDFconversion=\toks24
) (/usr/share/texlive/texmf-dist/tex/latex/epstopdf-pkg/epstopdf-base.sty
Package: epstopdf-base 2020-01-24 v2.11 Base part for package epstopdf
Package epstopdf-base Info: Redefining graphics rule for `.eps' on input line 4
85.

(/usr/share/texlive/texmf-dist/tex/latex/latexconfig/epstopdf-sys.cfg
File: epstopdf-sys.cfg 2010/07/13 v1.3 Configuration of (r)epstopdf for TeX Liv
e
))
[1

{/var/lib/texmf/fonts/map/pdftex/updmap/pdftex.map}] [2]
Overfull \hbox (7.94153pt too wide) in paragraph at lines 75--76
[]\OT1/cmr/m/n/10 Where, $ \OML/cmm/m/it/10 U \OT1/cmr/m/n/10 = \OML/cmm/m/it/1
0 exp\OT1/cmr/m/n/10 (\OML/cmm/m/it/10 i\OT1/cmr/m/n/10 ^^H\OML/cmm/m/it/10 =F\
OT1/cmr/m/n/10 )$, $^^H = \OML/cmm/m/it/10 ^^U[]^^^[]$ \OT1/cmr/m/n/10 ,(when d
efin-ing pion nu-cleon la-grangian,we
 []

[3] [4]
Overfull \hbox (0.11328pt too wide) detected at line 190
\OMS/cmsy/m/n/10 L[] \OT1/cmr/m/n/10 = [][]\OML/cmm/m/it/10 @[]\OT1/cmr/m/n/10 
^^H\OML/cmm/m/it/10 @[]\OT1/cmr/m/n/10 ^^H[] + [] + []\OMS/cmsy/m/n/10 h\OT1/cm
r/m/n/10 ^^H[]\OMS/cmsy/m/n/10 i \OT1/cmr/m/n/10 + [] []
 []

[5] [6]
Overfull \hbox (14.90771pt too wide) detected at line 244
\OMS/cmsy/m/n/10 L[] \OT1/cmr/m/n/10 = [] [] 	
 []

[7]
Overfull \hbox (8.05908pt too wide) detected at line 293
\OMS/cmsy/m/n/10 L[] \OT1/cmr/m/n/10 = [] [] 	
 []


Overfull \hbox (8.97284pt too wide) in paragraph at lines 312--313
[]\OT1/cmr/m/n/10 Baryonic Ef-fec-tive La-grangian (pi here should be big Pi,th
is is a mis-take,correct
 []


Overfull \hbox (123.01212pt too wide) detected at line 318
\OMS/cmsy/m/n/10 L[] \OT1/cmr/m/n/10 = [] [] 	
 []

[8]
Package epstopdf Info: Source file: <images/single_pion_vertex.eps>
(epstopdf)                    date: 2020-06-23 17:00:05
(epstopdf)                    size: 60788 bytes
(epstopdf)             Output file: <images/single_pion_vertex-eps-converted-to
.pdf>
(epstopdf)                    date: 2020-06-23 17:17:42
(epstopdf)                    size: 5848 bytes
(epstopdf)             Command: <repstopdf --outfile=images/single_pion_vertex-
eps-converted-to.pdf images/single_pion_vertex.eps>
(epstopdf)             \includegraphics on input line 336.
Package epstopdf Info: Output file is already uptodate.


pdfTeX warning: /usr/bin/pdflatex (file ./images/single_pion_vertex-eps-convert
ed-to.pdf): PDF inclusion: found PDF version <1.7>, but at most version <1.5> a
llowed
<images/single_pion_vertex-eps-converted-to.pdf, id=40, 597.23125pt x 845.1575p
t>
File: images/single_pion_vertex-eps-converted-to.pdf Graphic file (type pdf)
<use images/single_pion_vertex-eps-converted-to.pdf>
Package pdftex.def Info: images/single_pion_vertex-eps-converted-to.pdf  used o
n input line 336.
(pdftex.def)             Requested size: 142.26378pt x 95.7327pt.
Package epstopdf Info: Source file: <images/single_pion_vertex.eps>
(epstopdf)                    date: 2020-06-23 17:00:05
(epstopdf)                    size: 60788 bytes
(epstopdf)             Output file: <images/single_pion_vertex-eps-converted-to
.pdf>
(epstopdf)                    date: 2020-06-23 17:17:42
(epstopdf)                    size: 5848 bytes
(epstopdf)             Command: <repstopdf --outfile=images/single_pion_vertex-
eps-converted-to.pdf images/single_pion_vertex.eps>
(epstopdf)             \includegraphics on input line 338.
Package epstopdf Info: Output file is already uptodate.
File: images/single_pion_vertex-eps-converted-to.pdf Graphic file (type pdf)
<use images/single_pion_vertex-eps-converted-to.pdf>
Package pdftex.def Info: images/single_pion_vertex-eps-converted-to.pdf  used o
n input line 338.
(pdftex.def)             Requested size: 142.26378pt x 95.7327pt.
Package epstopdf Info: Source file: <images/baryon_propagator.eps>
(epstopdf)                    date: 2020-06-23 17:14:23
(epstopdf)                    size: 42962 bytes
(epstopdf)             Output file: <images/baryon_propagator-eps-converted-to.
pdf>
(epstopdf)                    date: 2020-06-23 17:18:45
(epstopdf)                    size: 3873 bytes
(epstopdf)             Command: <repstopdf --outfile=images/baryon_propagator-e
ps-converted-to.pdf images/baryon_propagator.eps>
(epstopdf)             \includegraphics on input line 339.
Package epstopdf Info: Output file is already uptodate.


pdfTeX warning: /usr/bin/pdflatex (file ./images/baryon_propagator-eps-converte
d-to.pdf): PDF inclusion: found PDF version <1.7>, but at most version <1.5> al
lowed
<images/baryon_propagator-eps-converted-to.pdf, id=43, 597.23125pt x 845.1575pt
>
File: images/baryon_propagator-eps-converted-to.pdf Graphic file (type pdf)
<use images/baryon_propagator-eps-converted-to.pdf>
Package pdftex.def Info: images/baryon_propagator-eps-converted-to.pdf  used on
 input line 339.
(pdftex.def)             Requested size: 113.81102pt x 76.58493pt.
Package epstopdf Info: Source file: <images/meson_propargator.eps>
(epstopdf)                    date: 2020-06-23 17:13:04
(epstopdf)                    size: 43050 bytes
(epstopdf)             Output file: <images/meson_propargator-eps-converted-to.
pdf>
(epstopdf)                    date: 2020-06-23 17:18:07
(epstopdf)                    size: 3922 bytes
(epstopdf)             Command: <repstopdf --outfile=images/meson_propargator-e
ps-converted-to.pdf images/meson_propargator.eps>
(epstopdf)             \includegraphics on input line 340.
Package epstopdf Info: Output file is already uptodate.


pdfTeX warning: /usr/bin/pdflatex (file ./images/meson_propargator-eps-converte
d-to.pdf): PDF inclusion: found PDF version <1.7>, but at most version <1.5> al
lowed
<images/meson_propargator-eps-converted-to.pdf, id=45, 597.23125pt x 845.1575pt
>
File: images/meson_propargator-eps-converted-to.pdf Graphic file (type pdf)
<use images/meson_propargator-eps-converted-to.pdf>
Package pdftex.def Info: images/meson_propargator-eps-converted-to.pdf  used on
 input line 340.
(pdftex.def)             Requested size: 113.81102pt x 76.58493pt.
[9 <./images/single_pion_vertex-eps-converted-to.pdf> <./images/baryon_propagat
or-eps-converted-to.pdf> <./images/meson_propargator-eps-converted-to.pdf>]
Package epstopdf Info: Source file: <images/single_pion_vertex.eps>
(epstopdf)                    date: 2020-06-23 17:00:05
(epstopdf)                    size: 60788 bytes
(epstopdf)             Output file: <images/single_pion_vertex-eps-converted-to
.pdf>
(epstopdf)                    date: 2020-06-23 17:17:42
(epstopdf)                    size: 5848 bytes
(epstopdf)             Command: <repstopdf --outfile=images/single_pion_vertex-
eps-converted-to.pdf images/single_pion_vertex.eps>
(epstopdf)             \includegraphics on input line 362.
Package epstopdf Info: Output file is already uptodate.
File: images/single_pion_vertex-eps-converted-to.pdf Graphic file (type pdf)
<use images/single_pion_vertex-eps-converted-to.pdf>
Package pdftex.def Info: images/single_pion_vertex-eps-converted-to.pdf  used o
n input line 362.
(pdftex.def)             Requested size: 142.26378pt x 95.7327pt.
Package epstopdf Info: Source file: <images/single_pion_vertex.eps>
(epstopdf)                    date: 2020-06-23 17:00:05
(epstopdf)                    size: 60788 bytes
(epstopdf)             Output file: <images/single_pion_vertex-eps-converted-to
.pdf>
(epstopdf)                    date: 2020-06-23 17:17:42
(epstopdf)                    size: 5848 bytes
(epstopdf)             Command: <repstopdf --outfile=images/single_pion_vertex-
eps-converted-to.pdf images/single_pion_vertex.eps>
(epstopdf)             \includegraphics on input line 364.
Package epstopdf Info: Output file is already uptodate.
File: images/single_pion_vertex-eps-converted-to.pdf Graphic file (type pdf)
<use images/single_pion_vertex-eps-converted-to.pdf>
Package pdftex.def Info: images/single_pion_vertex-eps-converted-to.pdf  used o
n input line 364.
(pdftex.def)             Requested size: 142.26378pt x 95.7327pt.
Package epstopdf Info: Source file: <images/baryon_propagator.eps>
(epstopdf)                    date: 2020-06-23 17:14:23
(epstopdf)                    size: 42962 bytes
(epstopdf)             Output file: <images/baryon_propagator-eps-converted-to.
pdf>
(epstopdf)                    date: 2020-06-23 17:18:45
(epstopdf)                    size: 3873 bytes
(epstopdf)             Command: <repstopdf --outfile=images/baryon_propagator-e
ps-converted-to.pdf images/baryon_propagator.eps>
(epstopdf)             \includegraphics on input line 365.
Package epstopdf Info: Output file is already uptodate.
File: images/baryon_propagator-eps-converted-to.pdf Graphic file (type pdf)
<use images/baryon_propagator-eps-converted-to.pdf>
Package pdftex.def Info: images/baryon_propagator-eps-converted-to.pdf  used on
 input line 365.
(pdftex.def)             Requested size: 113.81102pt x 76.58493pt.
Package epstopdf Info: Source file: <images/meson_propargator.eps>
(epstopdf)                    date: 2020-06-23 17:13:04
(epstopdf)                    size: 43050 bytes
(epstopdf)             Output file: <images/meson_propargator-eps-converted-to.
pdf>
(epstopdf)                    date: 2020-06-23 17:18:07
(epstopdf)                    size: 3922 bytes
(epstopdf)             Command: <repstopdf --outfile=images/meson_propargator-e
ps-converted-to.pdf images/meson_propargator.eps>
(epstopdf)             \includegraphics on input line 366.
Package epstopdf Info: Output file is already uptodate.
File: images/meson_propargator-eps-converted-to.pdf Graphic file (type pdf)
<use images/meson_propargator-eps-converted-to.pdf>
Package pdftex.def Info: images/meson_propargator-eps-converted-to.pdf  used on
 input line 366.
(pdftex.def)             Requested size: 113.81102pt x 76.58493pt.

[10]
Overfull \hbox (22.51465pt too wide) in paragraph at lines 379--380
[]\OT1/cmr/m/n/10 [[]] [[]] [[]] 
 []


Overfull \hbox (5.13806pt too wide) in alignment at lines 414--425
 [][][] []
 []


Overfull \hbox (52.60481pt too wide) in paragraph at lines 428--431
[]\OT1/cmr/m/n/10 Where $\OML/cmm/m/it/10 ^^_$ \OT1/cmr/m/n/10 , is a lin-ear c
om-bi-na-tion of a scalar and pseu-doscalar [[]]
 []

[11] [12]
Package epstopdf Info: Source file: <images/Pi_N_FR_one.eps>
(epstopdf)                    date: 2021-01-29 01:20:23
(epstopdf)                    size: 150540 bytes
(epstopdf)             Output file: <images/Pi_N_FR_one-eps-converted-to.pdf>
(epstopdf)                    date: 2021-01-29 01:26:41
(epstopdf)                    size: 5505 bytes
(epstopdf)             Command: <repstopdf --outfile=images/Pi_N_FR_one-eps-con
verted-to.pdf images/Pi_N_FR_one.eps>
(epstopdf)             \includegraphics on input line 462.
Package epstopdf Info: Output file is already uptodate.
<images/Pi_N_FR_one-eps-converted-to.pdf, id=92, 597.23125pt x 845.1575pt>
File: images/Pi_N_FR_one-eps-converted-to.pdf Graphic file (type pdf)
<use images/Pi_N_FR_one-eps-converted-to.pdf>
Package pdftex.def Info: images/Pi_N_FR_one-eps-converted-to.pdf  used on input
 line 462.
(pdftex.def)             Requested size: 113.81102pt x 60.30374pt.
Package epstopdf Info: Source file: <images/Pi_N_FR_two.eps>
(epstopdf)                    date: 2021-01-29 01:11:13
(epstopdf)                    size: 152574 bytes
(epstopdf)             Output file: <images/Pi_N_FR_two-eps-converted-to.pdf>
(epstopdf)                    date: 2021-01-29 01:29:34
(epstopdf)                    size: 5847 bytes
(epstopdf)             Command: <repstopdf --outfile=images/Pi_N_FR_two-eps-con
verted-to.pdf images/Pi_N_FR_two.eps>
(epstopdf)             \includegraphics on input line 465.
Package epstopdf Info: Output file is already uptodate.
<images/Pi_N_FR_two-eps-converted-to.pdf, id=94, 597.23125pt x 845.1575pt>
File: images/Pi_N_FR_two-eps-converted-to.pdf Graphic file (type pdf)
<use images/Pi_N_FR_two-eps-converted-to.pdf>
Package pdftex.def Info: images/Pi_N_FR_two-eps-converted-to.pdf  used on input
 line 465.
(pdftex.def)             Requested size: 113.81102pt x 60.30374pt.
Package epstopdf Info: Source file: <images/Pi_N_FR_three.eps>
(epstopdf)                    date: 2021-01-29 01:09:35
(epstopdf)                    size: 153694 bytes
(epstopdf)             Output file: <images/Pi_N_FR_three-eps-converted-to.pdf>

(epstopdf)                    date: 2021-01-29 01:29:02
(epstopdf)                    size: 6209 bytes
(epstopdf)             Command: <repstopdf --outfile=images/Pi_N_FR_three-eps-c
onverted-to.pdf images/Pi_N_FR_three.eps>
(epstopdf)             \includegraphics on input line 468.
Package epstopdf Info: Output file is already uptodate.
<images/Pi_N_FR_three-eps-converted-to.pdf, id=96, 597.23125pt x 845.1575pt>
File: images/Pi_N_FR_three-eps-converted-to.pdf Graphic file (type pdf)
<use images/Pi_N_FR_three-eps-converted-to.pdf>
Package pdftex.def Info: images/Pi_N_FR_three-eps-converted-to.pdf  used on inp
ut line 468.
(pdftex.def)             Requested size: 113.81102pt x 60.30374pt.
Package epstopdf Info: Source file: <images/Pi_N_FR_four.eps>
(epstopdf)                    date: 2021-01-29 01:14:23
(epstopdf)                    size: 154664 bytes
(epstopdf)             Output file: <images/Pi_N_FR_four-eps-converted-to.pdf>
(epstopdf)                    date: 2021-01-29 01:27:43
(epstopdf)                    size: 6416 bytes
(epstopdf)             Command: <repstopdf --outfile=images/Pi_N_FR_four-eps-co
nverted-to.pdf images/Pi_N_FR_four.eps>
(epstopdf)             \includegraphics on input line 471.
Package epstopdf Info: Output file is already uptodate.
<images/Pi_N_FR_four-eps-converted-to.pdf, id=98, 597.23125pt x 845.1575pt>
File: images/Pi_N_FR_four-eps-converted-to.pdf Graphic file (type pdf)
<use images/Pi_N_FR_four-eps-converted-to.pdf>
Package pdftex.def Info: images/Pi_N_FR_four-eps-converted-to.pdf  used on inpu
t line 471.
(pdftex.def)             Requested size: 113.81102pt x 60.30374pt.
Package epstopdf Info: Source file: <images/Pi_N_FR_pion.eps>
(epstopdf)                    date: 2021-01-29 01:16:15
(epstopdf)                    size: 154333 bytes
(epstopdf)             Output file: <images/Pi_N_FR_pion-eps-converted-to.pdf>
(epstopdf)                    date: 2021-01-29 01:33:42
(epstopdf)                    size: 6360 bytes
(epstopdf)             Command: <repstopdf --outfile=images/Pi_N_FR_pion-eps-co
nverted-to.pdf images/Pi_N_FR_pion.eps>
(epstopdf)             \includegraphics on input line 474.
Package epstopdf Info: Output file is already uptodate.
<images/Pi_N_FR_pion-eps-converted-to.pdf, id=100, 597.23125pt x 845.1575pt>
File: images/Pi_N_FR_pion-eps-converted-to.pdf Graphic file (type pdf)
<use images/Pi_N_FR_pion-eps-converted-to.pdf>
Package pdftex.def Info: images/Pi_N_FR_pion-eps-converted-to.pdf  used on inpu
t line 474.
(pdftex.def)             Requested size: 113.81102pt x 60.30374pt.

Overfull \hbox (35.15881pt too wide) in paragraph at lines 475--476
 []|$[] []$| 
 []


Overfull \hbox (60.88582pt too wide) in paragraph at lines 458--480
[][] 
 []

[13 <./images/Pi_N_FR_one-eps-converted-to.pdf> <./images/Pi_N_FR_two-eps-conve
rted-to.pdf> <./images/Pi_N_FR_three-eps-converted-to.pdf> <./images/Pi_N_FR_fo
ur-eps-converted-to.pdf> <./images/Pi_N_FR_pion-eps-converted-to.pdf>]
Package epstopdf Info: Source file: <images/Pi_N_FR_fermion.eps>
(epstopdf)                    date: 2021-01-29 01:45:42
(epstopdf)                    size: 133240 bytes
(epstopdf)             Output file: <images/Pi_N_FR_fermion-eps-converted-to.pd
f>
(epstopdf)                    date: 2021-01-29 01:54:17
(epstopdf)                    size: 4088 bytes
(epstopdf)             Command: <repstopdf --outfile=images/Pi_N_FR_fermion-eps
-converted-to.pdf images/Pi_N_FR_fermion.eps>
(epstopdf)             \includegraphics on input line 495.
Package epstopdf Info: Output file is already uptodate.
<images/Pi_N_FR_fermion-eps-converted-to.pdf, id=143, 597.23125pt x 845.1575pt>

File: images/Pi_N_FR_fermion-eps-converted-to.pdf Graphic file (type pdf)
<use images/Pi_N_FR_fermion-eps-converted-to.pdf>
Package pdftex.def Info: images/Pi_N_FR_fermion-eps-converted-to.pdf  used on i
nput line 495.
(pdftex.def)             Requested size: 113.81102pt x 44.02254pt.

Overfull \hbox (14.22638pt too wide) in paragraph at lines 495--495
 []|[]| 
 []

Package epstopdf Info: Source file: <images/Pi_N_FR_meson.eps>
(epstopdf)                    date: 2021-01-29 01:50:46
(epstopdf)                    size: 133315 bytes
(epstopdf)             Output file: <images/Pi_N_FR_meson-eps-converted-to.pdf>

(epstopdf)                    date: 2021-01-29 01:54:17
(epstopdf)                    size: 4112 bytes
(epstopdf)             Command: <repstopdf --outfile=images/Pi_N_FR_meson-eps-c
onverted-to.pdf images/Pi_N_FR_meson.eps>
(epstopdf)             \includegraphics on input line 497.
Package epstopdf Info: Output file is already uptodate.
<images/Pi_N_FR_meson-eps-converted-to.pdf, id=145, 597.23125pt x 845.1575pt>
File: images/Pi_N_FR_meson-eps-converted-to.pdf Graphic file (type pdf)
<use images/Pi_N_FR_meson-eps-converted-to.pdf>
Package pdftex.def Info: images/Pi_N_FR_meson-eps-converted-to.pdf  used on inp
ut line 497.
(pdftex.def)             Requested size: 113.81102pt x 44.02254pt.

Overfull \hbox (14.22638pt too wide) in paragraph at lines 497--497
 []|[]| 
 []

[14 <./images/Pi_N_FR_fermion-eps-converted-to.pdf> <./images/Pi_N_FR_meson-eps
-converted-to.pdf>] [15] [16]
Overfull \hbox (73.40884pt too wide) in alignment at lines 580--587
 [][][] []
 []

[17]
Overfull \hbox (0.38033pt too wide) in paragraph at lines 594--595
[]\OT1/cmr/m/n/10 Loop in-te-grals ap-pear, when cal-cu-lat-ing Feyn-man di-a-g
rams with loops. They
 []

<images/types of loops/meson.pdf, id=171, 597.23125pt x 845.1575pt>
File: images/types of loops/meson.pdf Graphic file (type pdf)
<use images/types of loops/meson.pdf>
Package pdftex.def Info: images/types of loops/meson.pdf  used on input line 60
2.
(pdftex.def)             Requested size: 71.13188pt x 67.04985pt.
<images/types of loops/meson_baryon_e.pdf, id=173, 597.23125pt x 845.1575pt>
File: images/types of loops/meson_baryon_e.pdf Graphic file (type pdf)
<use images/types of loops/meson_baryon_e.pdf>
Package pdftex.def Info: images/types of loops/meson_baryon_e.pdf  used on inpu
t line 616.
(pdftex.def)             Requested size: 85.35826pt x 45.2282pt.
<images/types of loops/meson_2baryon_e.pdf, id=175, 597.23125pt x 845.1575pt>
File: images/types of loops/meson_2baryon_e.pdf Graphic file (type pdf)
<use images/types of loops/meson_2baryon_e.pdf>
Package pdftex.def Info: images/types of loops/meson_2baryon_e.pdf  used on inp
ut line 617.
(pdftex.def)             Requested size: 85.35826pt x 45.2282pt.
<images/types of loops/meson_3baryon_e.pdf, id=177, 597.23125pt x 845.1575pt>
File: images/types of loops/meson_3baryon_e.pdf Graphic file (type pdf)
<use images/types of loops/meson_3baryon_e.pdf>
Package pdftex.def Info: images/types of loops/meson_3baryon_e.pdf  used on inp
ut line 618.
(pdftex.def)             Requested size: 85.35826pt x 45.2282pt.
<images/types of loops/2meson.pdf, id=179, 597.23125pt x 845.1575pt>
File: images/types of loops/2meson.pdf Graphic file (type pdf)
<use images/types of loops/2meson.pdf>
Package pdftex.def Info: images/types of loops/2meson.pdf  used on input line 6
34.
(pdftex.def)             Requested size: 71.13188pt x 59.92278pt.

LaTeX Warning: `h' float specifier changed to `ht'.

[18 <./images/types of loops/meson.pdf> <./images/types of loops/meson_baryon_e
.pdf> <./images/types of loops/meson_2baryon_e.pdf> <./images/types of loops/me
son_3baryon_e.pdf>]
<images/types of loops/2meson_baryon.pdf, id=214, 597.23125pt x 845.1575pt>
File: images/types of loops/2meson_baryon.pdf Graphic file (type pdf)
<use images/types of loops/2meson_baryon.pdf>
Package pdftex.def Info: images/types of loops/2meson_baryon.pdf  used on input
 line 649.
(pdftex.def)             Requested size: 71.13188pt x 59.92278pt.

Overfull \hbox (13.87999pt too wide) in alignment at lines 679--693
 [][][] []
 []

[19 <./images/types of loops/2meson.pdf> <./images/types of loops/2meson_baryon
.pdf>] [20]
Overfull \hbox (89.57579pt too wide) in alignment at lines 699--732
 [][][] []
 []


Overfull \hbox (0.68886pt too wide) in paragraph at lines 735--736
[]\OT1/cmr/m/n/10 Here $[] [] = [] []$, $^^C[] = \OML/cmm/m/it/10 ^^U[] \OMS/cm
sy/m/n/10 ^^@ \OT1/cmr/m/n/10 2\OML/cmm/m/it/10 ^^U [] \OT1/cmr/m/n/10 + \OML/c
mm/m/it/10 M[]$ \OT1/cmr/m/n/10 ,$\OML/cmm/m/it/10 c[] \OT1/cmr/m/n/10 = \OML/c
mm/m/it/10 M[] \OMS/cmsy/m/n/10 ^^@ [][]$\OT1/cmr/m/n/10 ,
 []


Overfull \hbox (90.50984pt too wide) in alignment at lines 743--766
 [][][] []
 []

[21] [22]
Overfull \hbox (22.3626pt too wide) in alignment at lines 802--804
 [][][] []
 []


Overfull \hbox (9.01797pt too wide) in alignment at lines 810--813
 [][][] []
 []


Overfull \hbox (71.63312pt too wide) in paragraph at lines 773--818
 [] 
 []

[23]
Overfull \hbox (63.09721pt too wide) in paragraph at lines 829--890
 [] 
 []

[24]
Overfull \hbox (63.09721pt too wide) in paragraph at lines 896--944
 [] 
 []

[25]
Overfull \hbox (0.69362pt too wide) in paragraph at lines 960--961
[]|$\OML/cmm/m/it/10 J\OT1/cmr/m/n/10 ^^A[]$ 
 []


Overfull \hbox (24.89832pt too wide) in alignment at lines 962--964
 [][][] []
 []


Overfull \hbox (1.10616pt too wide) in alignment at lines 971--973
 [][][] []
 []


Overfull \hbox (63.09721pt too wide) in paragraph at lines 950--980
 [] 
 []

[26]
Overfull \hbox (71.63312pt too wide) in paragraph at lines 992--1067
 [] 
 []

[27]
Overfull \hbox (20.84648pt too wide) in alignment at lines 1081--1082
 [][][] []
 []


Overfull \hbox (28.83276pt too wide) in alignment at lines 1094--1094
 [][][] []
 []


Overfull \hbox (0.69362pt too wide) in paragraph at lines 1098--1099
[]|$\OML/cmm/m/it/10 J\OT1/cmr/m/n/10 ^^A[]$ 
 []


Overfull \hbox (1.51895pt too wide) in alignment at lines 1106--1107
 [][][] []
 []


Overfull \hbox (71.63312pt too wide) in paragraph at lines 1072--1113
 [] 
 []

[28]
Overfull \hbox (71.63312pt too wide) in paragraph at lines 1120--1165
 [] 
 []

[29]
Overfull \hbox (71.63312pt too wide) in paragraph at lines 1177--1220
 [] 
 []

[30]
Overfull \hbox (71.63312pt too wide) in paragraph at lines 1225--1268
 [] 
 []

[31]
Overfull \hbox (0.69362pt too wide) in paragraph at lines 1308--1309
[]|$\OML/cmm/m/it/10 J\OT1/cmr/m/n/10 ^^A[]$ 
 []


Overfull \hbox (16.36241pt too wide) in alignment at lines 1310--1312
 [][][] []
 []


Overfull \hbox (71.63312pt too wide) in paragraph at lines 1273--1317
 [] 
 []

[32]
Overfull \hbox (71.63312pt too wide) in paragraph at lines 1322--1366
 [] 
 []

[33]
Overfull \hbox (21.466pt too wide) in alignment at lines 1406--1407
 [][][] []
 []


Overfull \hbox (71.63312pt too wide) in paragraph at lines 1372--1412
 [] 
 []

[34]
Overfull \hbox (71.63312pt too wide) in paragraph at lines 1418--1457
 [] 
 []

[35]
Overfull \hbox (28.83276pt too wide) in alignment at lines 1497--1497
 [][][] []
 []


Overfull \hbox (71.63312pt too wide) in paragraph at lines 1461--1502
 [] 
 []

[36]
Overfull \hbox (0.69362pt too wide) in paragraph at lines 1538--1539
[]|$\OML/cmm/m/it/10 J\OT1/cmr/m/n/10 ^^A[]$ 
 []


Overfull \hbox (71.63312pt too wide) in paragraph at lines 1506--1545
 [] 
 []

[37]
Overfull \hbox (1.51895pt too wide) in alignment at lines 1583--1584
 [][][] []
 []


Overfull \hbox (71.63312pt too wide) in paragraph at lines 1549--1589
 [] 
 []

[38]
Overfull \hbox (100.07939pt too wide) in alignment at lines 1596--1629
 [][][] []
 []

[39]
Overfull \hbox (6.7398pt too wide) in alignment at lines 1647--1651
 [][][] []
 []

[40] [41]
Overfull \hbox (10.24866pt too wide) in alignment at lines 1796--1799
 [][][] []
 []

[42]
Overfull \hbox (53.07925pt too wide) in alignment at lines 1809--1811
 [][][] []
 []

[43] [44]
Overfull \hbox (20.33049pt too wide) in paragraph at lines 1840--1840
 []|$\OML/cmm/m/it/10 S[]; \OMS/cmsy/m/n/10 f\OML/cmm/m/it/10 I[]; G[]\OMS/cmsy
/m/n/10 g[]$| 
 []


Overfull \hbox (20.33049pt too wide) in paragraph at lines 1841--1841
 []|$\OML/cmm/m/it/10 I[]; \OMS/cmsy/m/n/10 f\OML/cmm/m/it/10 S[]; G[]\OMS/cmsy
/m/n/10 g[]$| 
 []


Overfull \hbox (5.86789pt too wide) in paragraph at lines 1844--1844
 []|$\OMS/cmsy/m/n/10 f\OML/cmm/m/it/10 S[]; G[]\OMS/cmsy/m/n/10 g[]$| 
 []


Overfull \hbox (5.84848pt too wide) in paragraph at lines 1845--1845
 []|$\OMS/cmsy/m/n/10 f\OML/cmm/m/it/10 I[]; G[]\OMS/cmsy/m/n/10 g[]$| 
 []


Overfull \hbox (5.86789pt too wide) in paragraph at lines 1848--1848
 []|$\OMS/cmsy/m/n/10 f\OML/cmm/m/it/10 S[]; G[]\OMS/cmsy/m/n/10 g[]$| 
 []


Overfull \hbox (5.84848pt too wide) in paragraph at lines 1849--1849
 []|$\OMS/cmsy/m/n/10 f\OML/cmm/m/it/10 I[]; G[]\OMS/cmsy/m/n/10 g[]$| 
 []


Overfull \hbox (11.423pt too wide) in paragraph at lines 1850--1850
 []|$\OMS/cmsy/m/n/10 f\OML/cmm/m/it/10 G[]; G[]\OMS/cmsy/m/n/10 g[]$| 
 []


Overfull \hbox (89.58783pt too wide) in alignment at lines 1855--1865
 [][][] []
 []

[45] [46]
Overfull \hbox (24.16776pt too wide) in alignment at lines 1880--1883
 [][][] []
 []

[47]
Overfull \hbox (29.15495pt too wide) in paragraph at lines 1898--1898
[]\OT1/cmr/bx/n/10 Order of in-dices in pro-jec-tors when tak-ing hermitian-con
jugate(this
 []

LaTeX Font Info:    Trying to load font information for U+euf on input line 191
6.
(/usr/share/texlive/texmf-dist/tex/latex/amsfonts/ueuf.fd
File: ueuf.fd 2013/01/14 v3.01 Euler Fraktur
) [48] [49]
Overfull \hbox (6.20668pt too wide) in paragraph at lines 1967--1982
[][] 
 []

[50]
Overfull \hbox (6.20668pt too wide) in paragraph at lines 1999--2014
[][] 
 []

[51] [52]
Overfull \hbox (20.43306pt too wide) in paragraph at lines 2081--2096
[][] 
 []

[53]
Overfull \hbox (6.20668pt too wide) in paragraph at lines 2114--2129
[][] 
 []

[54]
Overfull \hbox (6.20668pt too wide) in paragraph at lines 2146--2161
[][] 
 []

[55] [56] [57]
Overfull \hbox (125.09596pt too wide) in alignment at lines 2192--2194
 [][][] []
 []


Overfull \hbox (180.7033pt too wide) in alignment at lines 2196--2198
 [][][] []
 []


Overfull \hbox (145.7261pt too wide) in alignment at lines 2201--2211
 [][][] []
 []

[58] (./BChPTnotes.bbl) [59] (./BChPTnotes.aux)

LaTeX Warning: There were multiply-defined labels.

 ) 
Here is how much of TeX's memory you used:
 3913 strings out of 480247
 64015 string characters out of 5896151
 375487 words of memory out of 5000000
 21804 multiletter control sequences out of 15000+600000
 474297 words of font info for 46 fonts, out of 8000000 for 9000
 14 hyphenation exceptions out of 8191
 68i,21n,77p,1016b,364s stack positions out of 5000i,500n,10000p,200000b,80000s
 </home/dulitha/.texlive2021/texmf-var/fonts/pk/ljfour/jknappen/ec/tcrm1000.6
00pk></usr/share/texlive/texmf-dist/fonts/type1/public/amsfonts/cm/cmbx10.pfb><
/usr/share/texlive/texmf-dist/fonts/type1/public/amsfonts/cm/cmbx12.pfb></usr/s
hare/texlive/texmf-dist/fonts/type1/public/amsfonts/cm/cmcsc10.pfb></usr/share/
texlive/texmf-dist/fonts/type1/public/amsfonts/cm/cmex10.pfb></usr/share/texliv
e/texmf-dist/fonts/type1/public/amsfonts/cmextra/cmex7.pfb></usr/share/texlive/
texmf-dist/fonts/type1/public/amsfonts/cm/cmmi10.pfb></usr/share/texlive/texmf-
dist/fonts/type1/public/amsfonts/cm/cmmi12.pfb></usr/share/texlive/texmf-dist/f
onts/type1/public/amsfonts/cm/cmmi5.pfb></usr/share/texlive/texmf-dist/fonts/ty
pe1/public/amsfonts/cm/cmmi7.pfb></usr/share/texlive/texmf-dist/fonts/type1/pub
lic/amsfonts/cm/cmr10.pfb></usr/share/texlive/texmf-dist/fonts/type1/public/ams
fonts/cm/cmr12.pfb></usr/share/texlive/texmf-dist/fonts/type1/public/amsfonts/c
m/cmr5.pfb></usr/share/texlive/texmf-dist/fonts/type1/public/amsfonts/cm/cmr7.p
fb></usr/share/texlive/texmf-dist/fonts/type1/public/amsfonts/cm/cmsy10.pfb></u
sr/share/texlive/texmf-dist/fonts/type1/public/amsfonts/cm/cmsy5.pfb></usr/shar
e/texlive/texmf-dist/fonts/type1/public/amsfonts/cm/cmsy7.pfb></usr/share/texli
ve/texmf-dist/fonts/type1/public/amsfonts/cm/cmti10.pfb></usr/share/texlive/tex
mf-dist/fonts/type1/public/amsfonts/euler/eufm10.pfb></usr/share/texlive/texmf-
dist/fonts/type1/public/amsfonts/euler/eufm5.pfb></usr/share/texlive/texmf-dist
/fonts/type1/public/amsfonts/euler/eufm7.pfb>
Output written on BChPTnotes.pdf (59 pages, 377813 bytes).
PDF statistics:
 445 PDF objects out of 1000 (max. 8388607)
 296 compressed objects within 3 object streams
 0 named destinations out of 1000 (max. 500000)
 207 words of extra memory for PDF output out of 10000 (max. 10000000)

